<?xml version="1.0" encoding="UTF-8"?>
<!-- Generated by org.testng.reporters.JUnitXMLReporter -->
<testsuite ignored="0" hostname="Pooja-Ambi" failures="0" tests="4" name="Default test" time="36.744" errors="0" timestamp="2025-11-26T11:10:15 IST">
  <testcase classname="com.StoreApp.testCases.SignUpTestCases" name="createUser" time="10.62"/>
  <testcase classname="com.StoreApp.testCases.SignUpTestCases" name="createUser" time="4.281"/>
  <testcase classname="com.StoreApp.testCases.SignUpTestCases" name="createUser" time="4.706"/>
  <testcase classname="com.StoreApp.testCases.SignUpTestCases" name="loginUser" time="1.59"/>
</testsuite> <!-- Default test -->
