<?xml version="1.0" encoding="UTF-8"?>
<!-- Generated by org.testng.reporters.JUnitReportReporter -->
<testsuite hostname="Pooja-Ambi" failures="0" tests="4" name="com.StoreApp.testCases.SignUpTestCases" time="21.197" errors="0" timestamp="2025-11-26T11:10:16 IST" skipped="0">
  <testcase classname="com.StoreApp.testCases.SignUpTestCases" name="createUser" time="4.706"/>
  <testcase classname="com.StoreApp.testCases.SignUpTestCases" name="createUser" time="10.620"/>
  <testcase classname="com.StoreApp.testCases.SignUpTestCases" name="loginUser" time="1.590"/>
  <testcase classname="com.StoreApp.testCases.SignUpTestCases" name="createUser" time="4.281"/>
</testsuite> <!-- com.StoreApp.testCases.SignUpTestCases -->
